2025-12-27 00:36:44,390 - root - INFO - Logging initialized.
2025-12-27 00:38:28,732 - root - INFO - Loading data from C:/Users/abina/Downloads/AI_weather/AI_weather 2/AI_weather/aurak_shuttle_data_full.csv
2025-12-27 00:40:17,143 - root - INFO - Loading data from C:/Users/abina/Downloads/AI_weather/AI_weather 2/AI_weather/aurak_shuttle_data_full.csv
2025-12-27 00:48:13,030 - root - INFO - Logging initialized.
2025-12-27 00:48:40,835 - root - INFO - Logging initialized.
2025-12-27 11:32:16,701 - root - INFO - Loading data from C:/Users/abina/Downloads/AI_weather/AI_weather 2/AI_weather/aurak_shuttle_data_full.csv
2025-12-27 11:48:12,848 - root - INFO - Logging initialized.
2025-12-27 12:09:57,187 - root - INFO - Logging initialized.
2025-12-27 12:10:59,557 - root - INFO - Logging initialized.
2025-12-27 14:18:54,435 - root - INFO - Logging initialized.
2025-12-27 14:19:42,748 - root - INFO - Generating mock data
2025-12-27 17:58:09,803 - root - INFO - Logging initialized.
2025-12-27 17:58:33,492 - root - INFO - Loading data from C:/Users/abina/Downloads/AI_weather/AI_weather 2/AI_weather/assets/aurak_shuttle_data_full.csv
2025-12-28 00:26:35,133 - root - INFO - Logging initialized.
2025-12-28 00:26:50,860 - root - INFO - Loading data from C:/Users/abina/Downloads/AI_weather/AI_weather 2/AI_weather/aurak_shuttle_data_250k.csv
2025-12-28 01:58:50,715 - root - INFO - Model saved to C:/Users/abina/Downloads/AI_weather/AI_weather 2/AI_weather/model1.joblib
2026-01-06 21:50:00,058 - root - INFO - Logging initialized.
2026-01-06 21:50:09,781 - root - INFO - Loading data from C:/Users/abina/Downloads/AI_weather/AI_weather 2/AI_weather/rakta_trips_large.csv
2026-01-06 21:50:28,988 - root - ERROR - Training failed: '<=' not supported between instances of 'int' and 'str'
2026-01-06 21:50:35,872 - root - ERROR - Training failed: '<=' not supported between instances of 'int' and 'str'
2026-01-06 21:50:54,377 - root - ERROR - Training failed: '<=' not supported between instances of 'int' and 'str'
2026-01-06 21:54:37,738 - root - INFO - Logging initialized.
2026-01-06 21:54:46,109 - root - INFO - Loading data from C:/Users/abina/Downloads/AI_weather/AI_weather 2/AI_weather/rakta_trips_large.csv
2026-01-06 21:54:56,506 - root - ERROR - Training failed: 
All the 60 fits failed.
It is very likely that your model is misconfigured.
You can try to debug the error by setting error_score='raise'.

Below are more details about the failures:
--------------------------------------------------------------------------------
48 fits failed with the following error:
Traceback (most recent call last):
  File "C:\Users\abina\Downloads\AI_weather\AI_weather 2\AI_weather\win_venv\Lib\site-packages\sklearn\model_selection\_validation.py", line 833, in _fit_and_score
    estimator.fit(X_train, y_train, **fit_params)
    ~~~~~~~~~~~~~^^^^^^^^^^^^^^^^^^^^^^^^^^^^^^^^
  File "C:\Users\abina\Downloads\AI_weather\AI_weather 2\AI_weather\win_venv\Lib\site-packages\sklearn\base.py", line 1336, in wrapper
    return fit_method(estimator, *args, **kwargs)
  File "C:\Users\abina\Downloads\AI_weather\AI_weather 2\AI_weather\win_venv\Lib\site-packages\sklearn\pipeline.py", line 613, in fit
    Xt = self._fit(X, y, routed_params, raw_params=params)
  File "C:\Users\abina\Downloads\AI_weather\AI_weather 2\AI_weather\win_venv\Lib\site-packages\sklearn\pipeline.py", line 547, in _fit
    X, fitted_transformer = fit_transform_one_cached(
                            ~~~~~~~~~~~~~~~~~~~~~~~~^
        cloned_transformer,
        ^^^^^^^^^^^^^^^^^^^
    ...<5 lines>...
        params=step_params,
        ^^^^^^^^^^^^^^^^^^^
    )
    ^
  File "C:\Users\abina\Downloads\AI_weather\AI_weather 2\AI_weather\win_venv\Lib\site-packages\joblib\memory.py", line 326, in __call__
    return self.func(*args, **kwargs)
           ~~~~~~~~~^^^^^^^^^^^^^^^^^
  File "C:\Users\abina\Downloads\AI_weather\AI_weather 2\AI_weather\win_venv\Lib\site-packages\sklearn\pipeline.py", line 1484, in _fit_transform_one
    res = transformer.fit_transform(X, y, **params.get("fit_transform", {}))
  File "C:\Users\abina\Downloads\AI_weather\AI_weather 2\AI_weather\win_venv\Lib\site-packages\sklearn\utils\_set_output.py", line 316, in wrapped
    data_to_wrap = f(self, X, *args, **kwargs)
  File "C:\Users\abina\Downloads\AI_weather\AI_weather 2\AI_weather\win_venv\Lib\site-packages\sklearn\base.py", line 1336, in wrapper
    return fit_method(estimator, *args, **kwargs)
  File "C:\Users\abina\Downloads\AI_weather\AI_weather 2\AI_weather\win_venv\Lib\site-packages\sklearn\compose\_column_transformer.py", line 999, in fit_transform
    result = self._call_func_on_transformers(
        X,
    ...<3 lines>...
        routed_params=routed_params,
    )
  File "C:\Users\abina\Downloads\AI_weather\AI_weather 2\AI_weather\win_venv\Lib\site-packages\sklearn\compose\_column_transformer.py", line 901, in _call_func_on_transformers
    return Parallel(n_jobs=self.n_jobs)(jobs)
           ~~~~~~~~~~~~~~~~~~~~~~~~~~~~^^^^^^
  File "C:\Users\abina\Downloads\AI_weather\AI_weather 2\AI_weather\win_venv\Lib\site-packages\sklearn\utils\parallel.py", line 91, in __call__
    return super().__call__(iterable_with_config_and_warning_filters)
           ~~~~~~~~~~~~~~~~^^^^^^^^^^^^^^^^^^^^^^^^^^^^^^^^^^^^^^^^^^
  File "C:\Users\abina\Downloads\AI_weather\AI_weather 2\AI_weather\win_venv\Lib\site-packages\joblib\parallel.py", line 1986, in __call__
    return output if self.return_generator else list(output)
                                                ~~~~^^^^^^^^
  File "C:\Users\abina\Downloads\AI_weather\AI_weather 2\AI_weather\win_venv\Lib\site-packages\joblib\parallel.py", line 1914, in _get_sequential_output
    res = func(*args, **kwargs)
  File "C:\Users\abina\Downloads\AI_weather\AI_weather 2\AI_weather\win_venv\Lib\site-packages\sklearn\utils\parallel.py", line 184, in __call__
    return self.function(*args, **kwargs)
           ~~~~~~~~~~~~~^^^^^^^^^^^^^^^^^
  File "C:\Users\abina\Downloads\AI_weather\AI_weather 2\AI_weather\win_venv\Lib\site-packages\sklearn\pipeline.py", line 1484, in _fit_transform_one
    res = transformer.fit_transform(X, y, **params.get("fit_transform", {}))
  File "C:\Users\abina\Downloads\AI_weather\AI_weather 2\AI_weather\win_venv\Lib\site-packages\sklearn\utils\_set_output.py", line 316, in wrapped
    data_to_wrap = f(self, X, *args, **kwargs)
  File "C:\Users\abina\Downloads\AI_weather\AI_weather 2\AI_weather\win_venv\Lib\site-packages\sklearn\base.py", line 910, in fit_transform
    return self.fit(X, y, **fit_params).transform(X)
           ~~~~~~~~^^^^^^^^^^^^^^^^^^^^
  File "C:\Users\abina\Downloads\AI_weather\AI_weather 2\AI_weather\win_venv\Lib\site-packages\sklearn\preprocessing\_data.py", line 924, in fit
    return self.partial_fit(X, y, sample_weight)
           ~~~~~~~~~~~~~~~~^^^^^^^^^^^^^^^^^^^^^
  File "C:\Users\abina\Downloads\AI_weather\AI_weather 2\AI_weather\win_venv\Lib\site-packages\sklearn\base.py", line 1336, in wrapper
    return fit_method(estimator, *args, **kwargs)
  File "C:\Users\abina\Downloads\AI_weather\AI_weather 2\AI_weather\win_venv\Lib\site-packages\sklearn\preprocessing\_data.py", line 961, in partial_fit
    X = validate_data(
        self,
    ...<4 lines>...
        reset=first_call,
    )
  File "C:\Users\abina\Downloads\AI_weather\AI_weather 2\AI_weather\win_venv\Lib\site-packages\sklearn\utils\validation.py", line 2902, in validate_data
    out = check_array(X, input_name="X", **check_params)
  File "C:\Users\abina\Downloads\AI_weather\AI_weather 2\AI_weather\win_venv\Lib\site-packages\sklearn\utils\validation.py", line 1022, in check_array
    array = _asarray_with_order(array, order=order, dtype=dtype, xp=xp)
  File "C:\Users\abina\Downloads\AI_weather\AI_weather 2\AI_weather\win_venv\Lib\site-packages\sklearn\utils\_array_api.py", line 878, in _asarray_with_order
    array = numpy.asarray(array, order=order, dtype=dtype)
  File "C:\Users\abina\Downloads\AI_weather\AI_weather 2\AI_weather\win_venv\Lib\site-packages\pandas\core\generic.py", line 2171, in __array__
    arr = np.asarray(values, dtype=dtype)
ValueError: could not convert string to float: 'Evening'

--------------------------------------------------------------------------------
12 fits failed with the following error:
Traceback (most recent call last):
  File "C:\Users\abina\Downloads\AI_weather\AI_weather 2\AI_weather\win_venv\Lib\site-packages\sklearn\model_selection\_validation.py", line 833, in _fit_and_score
    estimator.fit(X_train, y_train, **fit_params)
    ~~~~~~~~~~~~~^^^^^^^^^^^^^^^^^^^^^^^^^^^^^^^^
  File "C:\Users\abina\Downloads\AI_weather\AI_weather 2\AI_weather\win_venv\Lib\site-packages\sklearn\base.py", line 1336, in wrapper
    return fit_method(estimator, *args, **kwargs)
  File "C:\Users\abina\Downloads\AI_weather\AI_weather 2\AI_weather\win_venv\Lib\site-packages\sklearn\pipeline.py", line 613, in fit
    Xt = self._fit(X, y, routed_params, raw_params=params)
  File "C:\Users\abina\Downloads\AI_weather\AI_weather 2\AI_weather\win_venv\Lib\site-packages\sklearn\pipeline.py", line 547, in _fit
    X, fitted_transformer = fit_transform_one_cached(
                            ~~~~~~~~~~~~~~~~~~~~~~~~^
        cloned_transformer,
        ^^^^^^^^^^^^^^^^^^^
    ...<5 lines>...
        params=step_params,
        ^^^^^^^^^^^^^^^^^^^
    )
    ^
  File "C:\Users\abina\Downloads\AI_weather\AI_weather 2\AI_weather\win_venv\Lib\site-packages\joblib\memory.py", line 326, in __call__
    return self.func(*args, **kwargs)
           ~~~~~~~~~^^^^^^^^^^^^^^^^^
  File "C:\Users\abina\Downloads\AI_weather\AI_weather 2\AI_weather\win_venv\Lib\site-packages\sklearn\pipeline.py", line 1484, in _fit_transform_one
    res = transformer.fit_transform(X, y, **params.get("fit_transform", {}))
  File "C:\Users\abina\Downloads\AI_weather\AI_weather 2\AI_weather\win_venv\Lib\site-packages\sklearn\utils\_set_output.py", line 316, in wrapped
    data_to_wrap = f(self, X, *args, **kwargs)
  File "C:\Users\abina\Downloads\AI_weather\AI_weather 2\AI_weather\win_venv\Lib\site-packages\sklearn\base.py", line 1336, in wrapper
    return fit_method(estimator, *args, **kwargs)
  File "C:\Users\abina\Downloads\AI_weather\AI_weather 2\AI_weather\win_venv\Lib\site-packages\sklearn\compose\_column_transformer.py", line 999, in fit_transform
    result = self._call_func_on_transformers(
        X,
    ...<3 lines>...
        routed_params=routed_params,
    )
  File "C:\Users\abina\Downloads\AI_weather\AI_weather 2\AI_weather\win_venv\Lib\site-packages\sklearn\compose\_column_transformer.py", line 901, in _call_func_on_transformers
    return Parallel(n_jobs=self.n_jobs)(jobs)
           ~~~~~~~~~~~~~~~~~~~~~~~~~~~~^^^^^^
  File "C:\Users\abina\Downloads\AI_weather\AI_weather 2\AI_weather\win_venv\Lib\site-packages\sklearn\utils\parallel.py", line 91, in __call__
    return super().__call__(iterable_with_config_and_warning_filters)
           ~~~~~~~~~~~~~~~~^^^^^^^^^^^^^^^^^^^^^^^^^^^^^^^^^^^^^^^^^^
  File "C:\Users\abina\Downloads\AI_weather\AI_weather 2\AI_weather\win_venv\Lib\site-packages\joblib\parallel.py", line 1986, in __call__
    return output if self.return_generator else list(output)
                                                ~~~~^^^^^^^^
  File "C:\Users\abina\Downloads\AI_weather\AI_weather 2\AI_weather\win_venv\Lib\site-packages\joblib\parallel.py", line 1914, in _get_sequential_output
    res = func(*args, **kwargs)
  File "C:\Users\abina\Downloads\AI_weather\AI_weather 2\AI_weather\win_venv\Lib\site-packages\sklearn\utils\parallel.py", line 184, in __call__
    return self.function(*args, **kwargs)
           ~~~~~~~~~~~~~^^^^^^^^^^^^^^^^^
  File "C:\Users\abina\Downloads\AI_weather\AI_weather 2\AI_weather\win_venv\Lib\site-packages\sklearn\pipeline.py", line 1484, in _fit_transform_one
    res = transformer.fit_transform(X, y, **params.get("fit_transform", {}))
  File "C:\Users\abina\Downloads\AI_weather\AI_weather 2\AI_weather\win_venv\Lib\site-packages\sklearn\utils\_set_output.py", line 316, in wrapped
    data_to_wrap = f(self, X, *args, **kwargs)
  File "C:\Users\abina\Downloads\AI_weather\AI_weather 2\AI_weather\win_venv\Lib\site-packages\sklearn\base.py", line 910, in fit_transform
    return self.fit(X, y, **fit_params).transform(X)
           ~~~~~~~~^^^^^^^^^^^^^^^^^^^^
  File "C:\Users\abina\Downloads\AI_weather\AI_weather 2\AI_weather\win_venv\Lib\site-packages\sklearn\preprocessing\_data.py", line 924, in fit
    return self.partial_fit(X, y, sample_weight)
           ~~~~~~~~~~~~~~~~^^^^^^^^^^^^^^^^^^^^^
  File "C:\Users\abina\Downloads\AI_weather\AI_weather 2\AI_weather\win_venv\Lib\site-packages\sklearn\base.py", line 1336, in wrapper
    return fit_method(estimator, *args, **kwargs)
  File "C:\Users\abina\Downloads\AI_weather\AI_weather 2\AI_weather\win_venv\Lib\site-packages\sklearn\preprocessing\_data.py", line 961, in partial_fit
    X = validate_data(
        self,
    ...<4 lines>...
        reset=first_call,
    )
  File "C:\Users\abina\Downloads\AI_weather\AI_weather 2\AI_weather\win_venv\Lib\site-packages\sklearn\utils\validation.py", line 2902, in validate_data
    out = check_array(X, input_name="X", **check_params)
  File "C:\Users\abina\Downloads\AI_weather\AI_weather 2\AI_weather\win_venv\Lib\site-packages\sklearn\utils\validation.py", line 1022, in check_array
    array = _asarray_with_order(array, order=order, dtype=dtype, xp=xp)
  File "C:\Users\abina\Downloads\AI_weather\AI_weather 2\AI_weather\win_venv\Lib\site-packages\sklearn\utils\_array_api.py", line 878, in _asarray_with_order
    array = numpy.asarray(array, order=order, dtype=dtype)
  File "C:\Users\abina\Downloads\AI_weather\AI_weather 2\AI_weather\win_venv\Lib\site-packages\pandas\core\generic.py", line 2171, in __array__
    arr = np.asarray(values, dtype=dtype)
ValueError: could not convert string to float: 'Afternoon'

2026-01-06 22:01:30,629 - root - INFO - Logging initialized.
2026-01-06 22:02:02,078 - root - INFO - Loading data from C:/Users/abina/Downloads/AI_weather/AI_weather 2/AI_weather/rakta_trips_large.csv
2026-01-06 23:58:21,088 - root - INFO - Logging initialized.
2026-01-06 23:58:36,297 - root - INFO - Loading data from C:/Users/abina/Downloads/AI_weather/AI_weather 2/AI_weather/rakta_trips_large.csv
2026-01-07 01:28:46,818 - root - INFO - Logging initialized.
2026-01-07 01:28:56,470 - root - INFO - Loading data from C:/Users/abina/Downloads/AI_weather/AI_weather 2/AI_weather/aurak_shuttle_data_100k.csv
